{
  "uid" : "4c2c2bd0f7d9e893",
  "name" : "test_fixture_scope_module02",
  "fullName" : "test_02_fixture#test_fixture_scope_module02",
  "historyId" : "91cccf3b33a98cea60aac657bf4dabdb",
  "time" : {
    "start" : 1627038694180,
    "stop" : 1627038694180,
    "duration" : 0
  },
  "status" : "failed",
  "statusMessage" : "AssertionError: assert 10 < 10",
  "statusTrace" : "ramdom_int_in_module = 10\n\n    def test_fixture_scope_module02(ramdom_int_in_module):\n>       assert ramdom_int_in_module < 10\nE       assert 10 < 10\n\ntest_02_fixture.py:50: AssertionError",
  "flaky" : false,
  "newFailed" : false,
  "beforeStages" : [ {
    "name" : "_verify_url",
    "time" : {
      "start" : 1627038693755,
      "stop" : 1627038693755,
      "duration" : 0
    },
    "status" : "passed",
    "steps" : [ ],
    "attachments" : [ ],
    "parameters" : [ ],
    "attachmentsCount" : 0,
    "shouldDisplayMessage" : false,
    "stepsCount" : 0,
    "hasContent" : false
  }, {
    "name" : "_skip_sensitive",
    "time" : {
      "start" : 1627038694179,
      "stop" : 1627038694179,
      "duration" : 0
    },
    "status" : "passed",
    "steps" : [ ],
    "attachments" : [ ],
    "parameters" : [ ],
    "attachmentsCount" : 0,
    "shouldDisplayMessage" : false,
    "stepsCount" : 0,
    "hasContent" : false
  }, {
    "name" : "base_url",
    "time" : {
      "start" : 1627038693755,
      "stop" : 1627038693755,
      "duration" : 0
    },
    "status" : "passed",
    "steps" : [ ],
    "attachments" : [ ],
    "parameters" : [ ],
    "attachmentsCount" : 0,
    "shouldDisplayMessage" : false,
    "stepsCount" : 0,
    "hasContent" : false
  }, {
    "name" : "ramdom_int_in_module",
    "time" : {
      "start" : 1627038694155,
      "stop" : 1627038694155,
      "duration" : 0
    },
    "status" : "passed",
    "steps" : [ ],
    "attachments" : [ ],
    "parameters" : [ ],
    "attachmentsCount" : 0,
    "shouldDisplayMessage" : false,
    "stepsCount" : 0,
    "hasContent" : false
  }, {
    "name" : "sensitive_url",
    "time" : {
      "start" : 1627038693755,
      "stop" : 1627038693755,
      "duration" : 0
    },
    "status" : "passed",
    "steps" : [ ],
    "attachments" : [ ],
    "parameters" : [ ],
    "attachmentsCount" : 0,
    "shouldDisplayMessage" : false,
    "stepsCount" : 0,
    "hasContent" : false
  } ],
  "afterStages" : [ ],
  "labels" : [ {
    "name" : "suite",
    "value" : "test_02_fixture"
  }, {
    "name" : "host",
    "value" : "JULIZHOU-6JV5P"
  }, {
    "name" : "thread",
    "value" : "19824-MainThread"
  }, {
    "name" : "framework",
    "value" : "pytest"
  }, {
    "name" : "language",
    "value" : "cpython3"
  }, {
    "name" : "package",
    "value" : "test_02_fixture"
  }, {
    "name" : "resultFormat",
    "value" : "allure2"
  } ],
  "parameters" : [ ],
  "links" : [ ],
  "hidden" : false,
  "retry" : false,
  "extra" : {
    "severity" : "normal",
    "retries" : [ {
      "uid" : "cdc8962d4c78688a",
      "status" : "failed",
      "statusDetails" : "AssertionError: assert 18 < 10",
      "time" : {
        "start" : 1627038104435,
        "stop" : 1627038104436,
        "duration" : 1
      }
    }, {
      "uid" : "ba2daf6491e97d35",
      "status" : "failed",
      "statusDetails" : "AssertionError: assert 14 < 10",
      "time" : {
        "start" : 1627037543569,
        "stop" : 1627037543569,
        "duration" : 0
      }
    }, {
      "uid" : "70735dcaf3578b1b",
      "status" : "failed",
      "statusDetails" : "AssertionError: assert 18 < 10",
      "time" : {
        "start" : 1627036707126,
        "stop" : 1627036707127,
        "duration" : 1
      }
    } ],
    "categories" : [ {
      "name" : "Product defects",
      "matchedStatuses" : [ ],
      "flaky" : false
    } ],
    "tags" : [ ]
  },
  "source" : "4c2c2bd0f7d9e893.json",
  "parameterValues" : [ ]
}