{
  "uid" : "743d24ffbdb85027",
  "name" : "test_fixture_scope_module01",
  "fullName" : "test_02_fixture#test_fixture_scope_module01",
  "historyId" : "a35e67ee532c6b01bb1d805fd977ac3e",
  "time" : {
    "start" : 1627038694156,
    "stop" : 1627038694156,
    "duration" : 0
  },
  "status" : "failed",
  "statusMessage" : "AssertionError: assert 10 < 10",
  "statusTrace" : "ramdom_int_in_module = 10\n\n    def test_fixture_scope_module01(ramdom_int_in_module):\n>       assert ramdom_int_in_module < 10\nE       assert 10 < 10\n\ntest_02_fixture.py:45: AssertionError",
  "flaky" : false,
  "newFailed" : false,
  "beforeStages" : [ {
    "name" : "_verify_url",
    "time" : {
      "start" : 1627038693755,
      "stop" : 1627038693755,
      "duration" : 0
    },
    "status" : "passed",
    "steps" : [ ],
    "attachments" : [ ],
    "parameters" : [ ],
    "attachmentsCount" : 0,
    "shouldDisplayMessage" : false,
    "stepsCount" : 0,
    "hasContent" : false
  }, {
    "name" : "base_url",
    "time" : {
      "start" : 1627038693755,
      "stop" : 1627038693755,
      "duration" : 0
    },
    "status" : "passed",
    "steps" : [ ],
    "attachments" : [ ],
    "parameters" : [ ],
    "attachmentsCount" : 0,
    "shouldDisplayMessage" : false,
    "stepsCount" : 0,
    "hasContent" : false
  }, {
    "name" : "_skip_sensitive",
    "time" : {
      "start" : 1627038694155,
      "stop" : 1627038694155,
      "duration" : 0
    },
    "status" : "passed",
    "steps" : [ ],
    "attachments" : [ ],
    "parameters" : [ ],
    "attachmentsCount" : 0,
    "shouldDisplayMessage" : false,
    "stepsCount" : 0,
    "hasContent" : false
  }, {
    "name" : "ramdom_int_in_module",
    "time" : {
      "start" : 1627038694155,
      "stop" : 1627038694155,
      "duration" : 0
    },
    "status" : "passed",
    "steps" : [ ],
    "attachments" : [ ],
    "parameters" : [ ],
    "attachmentsCount" : 0,
    "shouldDisplayMessage" : false,
    "stepsCount" : 0,
    "hasContent" : false
  }, {
    "name" : "sensitive_url",
    "time" : {
      "start" : 1627038693755,
      "stop" : 1627038693755,
      "duration" : 0
    },
    "status" : "passed",
    "steps" : [ ],
    "attachments" : [ ],
    "parameters" : [ ],
    "attachmentsCount" : 0,
    "shouldDisplayMessage" : false,
    "stepsCount" : 0,
    "hasContent" : false
  } ],
  "afterStages" : [ ],
  "labels" : [ {
    "name" : "suite",
    "value" : "test_02_fixture"
  }, {
    "name" : "host",
    "value" : "JULIZHOU-6JV5P"
  }, {
    "name" : "thread",
    "value" : "19824-MainThread"
  }, {
    "name" : "framework",
    "value" : "pytest"
  }, {
    "name" : "language",
    "value" : "cpython3"
  }, {
    "name" : "package",
    "value" : "test_02_fixture"
  }, {
    "name" : "resultFormat",
    "value" : "allure2"
  } ],
  "parameters" : [ ],
  "links" : [ ],
  "hidden" : false,
  "retry" : false,
  "extra" : {
    "severity" : "normal",
    "retries" : [ {
      "uid" : "69bce0044c25b49a",
      "status" : "failed",
      "statusDetails" : "AssertionError: assert 18 < 10",
      "time" : {
        "start" : 1627038104411,
        "stop" : 1627038104411,
        "duration" : 0
      }
    }, {
      "uid" : "51c59fc566ad3198",
      "status" : "failed",
      "statusDetails" : "AssertionError: assert 14 < 10",
      "time" : {
        "start" : 1627037543539,
        "stop" : 1627037543539,
        "duration" : 0
      }
    }, {
      "uid" : "af2c0cd96e141338",
      "status" : "failed",
      "statusDetails" : "AssertionError: assert 18 < 10",
      "time" : {
        "start" : 1627036707105,
        "stop" : 1627036707106,
        "duration" : 1
      }
    } ],
    "categories" : [ {
      "name" : "Product defects",
      "matchedStatuses" : [ ],
      "flaky" : false
    } ],
    "tags" : [ ]
  },
  "source" : "743d24ffbdb85027.json",
  "parameterValues" : [ ]
}