{
  "uid" : "f9c9636560ce3b14",
  "name" : "test_fixture_scope_function01",
  "fullName" : "test_02_fixture#test_fixture_scope_function01",
  "historyId" : "28ba27a727214e9f136753a0e7ec0861",
  "time" : {
    "start" : 1627038694201,
    "stop" : 1627038694202,
    "duration" : 1
  },
  "status" : "failed",
  "statusMessage" : "AssertionError: assert 55 > 100",
  "statusTrace" : "random_num = 55\n\n    def test_fixture_scope_function01(random_num):\n        print(f'random_num: {random_num}')\n>       assert random_num > 100\nE       assert 55 > 100\n\ntest_02_fixture.py:55: AssertionError",
  "flaky" : false,
  "newFailed" : false,
  "beforeStages" : [ {
    "name" : "_verify_url",
    "time" : {
      "start" : 1627038693755,
      "stop" : 1627038693755,
      "duration" : 0
    },
    "status" : "passed",
    "steps" : [ ],
    "attachments" : [ ],
    "parameters" : [ ],
    "attachmentsCount" : 0,
    "shouldDisplayMessage" : false,
    "stepsCount" : 0,
    "hasContent" : false
  }, {
    "name" : "_skip_sensitive",
    "time" : {
      "start" : 1627038694200,
      "stop" : 1627038694200,
      "duration" : 0
    },
    "status" : "passed",
    "steps" : [ ],
    "attachments" : [ ],
    "parameters" : [ ],
    "attachmentsCount" : 0,
    "shouldDisplayMessage" : false,
    "stepsCount" : 0,
    "hasContent" : false
  }, {
    "name" : "base_url",
    "time" : {
      "start" : 1627038693755,
      "stop" : 1627038693755,
      "duration" : 0
    },
    "status" : "passed",
    "steps" : [ ],
    "attachments" : [ ],
    "parameters" : [ ],
    "attachmentsCount" : 0,
    "shouldDisplayMessage" : false,
    "stepsCount" : 0,
    "hasContent" : false
  }, {
    "name" : "random_num",
    "time" : {
      "start" : 1627038694200,
      "stop" : 1627038694201,
      "duration" : 1
    },
    "status" : "passed",
    "steps" : [ ],
    "attachments" : [ ],
    "parameters" : [ ],
    "attachmentsCount" : 0,
    "shouldDisplayMessage" : false,
    "stepsCount" : 0,
    "hasContent" : false
  }, {
    "name" : "sensitive_url",
    "time" : {
      "start" : 1627038693755,
      "stop" : 1627038693755,
      "duration" : 0
    },
    "status" : "passed",
    "steps" : [ ],
    "attachments" : [ ],
    "parameters" : [ ],
    "attachmentsCount" : 0,
    "shouldDisplayMessage" : false,
    "stepsCount" : 0,
    "hasContent" : false
  } ],
  "afterStages" : [ ],
  "labels" : [ {
    "name" : "suite",
    "value" : "test_02_fixture"
  }, {
    "name" : "host",
    "value" : "JULIZHOU-6JV5P"
  }, {
    "name" : "thread",
    "value" : "19824-MainThread"
  }, {
    "name" : "framework",
    "value" : "pytest"
  }, {
    "name" : "language",
    "value" : "cpython3"
  }, {
    "name" : "package",
    "value" : "test_02_fixture"
  }, {
    "name" : "resultFormat",
    "value" : "allure2"
  } ],
  "parameters" : [ ],
  "links" : [ ],
  "hidden" : false,
  "retry" : false,
  "extra" : {
    "severity" : "normal",
    "retries" : [ {
      "uid" : "78445729e53f48ef",
      "status" : "failed",
      "statusDetails" : "AssertionError: assert 53 > 100",
      "time" : {
        "start" : 1627038104456,
        "stop" : 1627038104457,
        "duration" : 1
      }
    }, {
      "uid" : "ad463b44b1306101",
      "status" : "failed",
      "statusDetails" : "AssertionError: assert 94 > 100",
      "time" : {
        "start" : 1627037543596,
        "stop" : 1627037543597,
        "duration" : 1
      }
    }, {
      "uid" : "fdb1c972741664fc",
      "status" : "failed",
      "statusDetails" : "AssertionError: assert 25 > 100",
      "time" : {
        "start" : 1627036707149,
        "stop" : 1627036707149,
        "duration" : 0
      }
    } ],
    "categories" : [ {
      "name" : "Product defects",
      "matchedStatuses" : [ ],
      "flaky" : false
    } ],
    "tags" : [ ]
  },
  "source" : "f9c9636560ce3b14.json",
  "parameterValues" : [ ]
}