{"name": "test_fixture_scope_function01", "status": "failed", "statusDetails": {"message": "AssertionError: assert 94 > 100", "trace": "random_num = 94\n\n    def test_fixture_scope_function01(random_num):\n        print(f'random_num: {random_num}')\n>       assert random_num > 100\nE       assert 94 > 100\n\ntest_02_fixture.py:55: AssertionError"}, "start": 1627037543596, "stop": 1627037543597, "uuid": "93015fd5-13b2-4e90-9b5c-4e24f331c939", "historyId": "28ba27a727214e9f136753a0e7ec0861", "testCaseId": "d6107e9d64e1b9ad873f850e6cd7c510", "fullName": "test_02_fixture#test_fixture_scope_function01", "labels": [{"name": "suite", "value": "test_02_fixture"}, {"name": "host", "value": "JULIZHOU-6JV5P"}, {"name": "thread", "value": "4280-MainThread"}, {"name": "framework", "value": "pytest"}, {"name": "language", "value": "cpython3"}, {"name": "package", "value": "test_02_fixture"}]}