{"name": "test_fixture_scope_module01", "status": "failed", "statusDetails": {"message": "AssertionError: assert 20 < 10", "trace": "ramdom_int_in_module = 20\n\n    @allure.feature(\"feature: test_02_fixture\")\n    @allure.story(\"story: scope\")\n    def test_fixture_scope_module01(ramdom_int_in_module):\n>       assert ramdom_int_in_module < 10\nE       assert 20 < 10\n\ntest_02_fixture_for_allure.py:108: AssertionError"}, "start": 1627038700404, "stop": 1627038700404, "uuid": "8276da1e-da86-4ba7-854e-fe8f1eb165b0", "historyId": "85c1e30a613a3b8c1861942a9b25ade4", "testCaseId": "31fc3de5eac5afd2454f233765da9be5", "fullName": "test_02_fixture_for_allure#test_fixture_scope_module01", "labels": [{"name": "story", "value": "story: scope"}, {"name": "feature", "value": "feature: test_02_fixture"}, {"name": "suite", "value": "test_02_fixture_for_allure"}, {"name": "host", "value": "JULIZHOU-6JV5P"}, {"name": "thread", "value": "19824-MainThread"}, {"name": "framework", "value": "pytest"}, {"name": "language", "value": "cpython3"}, {"name": "package", "value": "test_02_fixture_for_allure"}]}