{"name": "test_fixture_scope_module01", "status": "failed", "statusDetails": {"message": "AssertionError: assert 19 < 10", "trace": "ramdom_int_in_module = 19\n\n    @allure.feature(\"test_02_fixture\")\n    @allure.story(\"scope\")\n    def test_fixture_scope_module01(ramdom_int_in_module):\n>       assert ramdom_int_in_module < 10\nE       assert 19 < 10\n\ntest_02_fixture_for_allure.py:108: AssertionError"}, "start": 1627036713336, "stop": 1627036713336, "uuid": "6008d860-058b-49f8-b2f3-c62eb69ae19f", "historyId": "85c1e30a613a3b8c1861942a9b25ade4", "testCaseId": "31fc3de5eac5afd2454f233765da9be5", "fullName": "test_02_fixture_for_allure#test_fixture_scope_module01", "labels": [{"name": "feature", "value": "test_02_fixture"}, {"name": "story", "value": "scope"}, {"name": "suite", "value": "test_02_fixture_for_allure"}, {"name": "host", "value": "JULIZHOU-6JV5P"}, {"name": "thread", "value": "11292-MainThread"}, {"name": "framework", "value": "pytest"}, {"name": "language", "value": "cpython3"}, {"name": "package", "value": "test_02_fixture_for_allure"}]}