{"name": "test_eval[6*9-42]", "status": "skipped", "statusDetails": {"message": "XFAIL\n\nAssertionError: assert 54 == 42\n  +54\n  -42", "trace": "test_input = '6*9', expected = 42\n\n    @pytest.mark.parametrize(\n        \"test_input,expected\",\n        [(\"3+5\",8),\n         (\"2+4\",6),\n         pytest.param(\"6*9\",42,marks=pytest.mark.xfail)],\n        )\n    def test_eval(test_input,expected):\n>       assert eval(test_input) == expected\nE       assert 54 == 42\nE         +54\nE         -42\n\ntest_05_parametrize.py:21: AssertionError"}, "parameters": [{"name": "test_input", "value": "'6*9'"}, {"name": "expected", "value": "42"}], "start": 1627038708819, "stop": 1627038708819, "uuid": "178097bd-aef6-4f85-9d44-6a36e94a39c0", "historyId": "cb3025478a76e61a61e7d7b3a97b27cb", "testCaseId": "ee8875e3ffca97b8d8c4ef2a0a79ce00", "fullName": "test_05_parametrize#test_eval", "labels": [{"name": "tag", "value": "@pytest.mark.xfail"}, {"name": "suite", "value": "test_05_parametrize"}, {"name": "host", "value": "JULIZHOU-6JV5P"}, {"name": "thread", "value": "19824-MainThread"}, {"name": "framework", "value": "pytest"}, {"name": "language", "value": "cpython3"}, {"name": "package", "value": "test_05_parametrize"}]}