{"name": "test_fixture_scope_module02", "status": "failed", "statusDetails": {"message": "AssertionError: assert 15 < 10", "trace": "ramdom_int_in_module = 15\n\n    @allure.feature(\"test_02_fixture\")\n    @allure.story(\"scope\")\n    def test_fixture_scope_module02(ramdom_int_in_module):\n>       assert ramdom_int_in_module < 10\nE       assert 15 < 10\n\ntest_02_fixture_for_allure.py:114: AssertionError"}, "start": 1627037549840, "stop": 1627037549840, "uuid": "a4fd336c-3cb5-4798-a54e-072c441fd104", "historyId": "f047d973246bf8b28671a66822531968", "testCaseId": "198c4724498a2446bcb9999f7f7340ac", "fullName": "test_02_fixture_for_allure#test_fixture_scope_module02", "labels": [{"name": "story", "value": "scope"}, {"name": "feature", "value": "test_02_fixture"}, {"name": "suite", "value": "test_02_fixture_for_allure"}, {"name": "host", "value": "JULIZHOU-6JV5P"}, {"name": "thread", "value": "4280-MainThread"}, {"name": "framework", "value": "pytest"}, {"name": "language", "value": "cpython3"}, {"name": "package", "value": "test_02_fixture_for_allure"}]}