{"name": "test_fixture_scope_module01", "status": "failed", "statusDetails": {"message": "AssertionError: assert 15 < 10", "trace": "ramdom_int_in_module = 15\n\n    @allure.feature(\"test_02_fixture\")\n    @allure.story(\"scope\")\n    def test_fixture_scope_module01(ramdom_int_in_module):\n>       assert ramdom_int_in_module < 10\nE       assert 15 < 10\n\ntest_02_fixture_for_allure.py:108: AssertionError"}, "start": 1627037549812, "stop": 1627037549812, "uuid": "a4f2519d-41a1-4b72-8ede-5af808a9c307", "historyId": "85c1e30a613a3b8c1861942a9b25ade4", "testCaseId": "31fc3de5eac5afd2454f233765da9be5", "fullName": "test_02_fixture_for_allure#test_fixture_scope_module01", "labels": [{"name": "story", "value": "scope"}, {"name": "feature", "value": "test_02_fixture"}, {"name": "suite", "value": "test_02_fixture_for_allure"}, {"name": "host", "value": "JULIZHOU-6JV5P"}, {"name": "thread", "value": "4280-MainThread"}, {"name": "framework", "value": "pytest"}, {"name": "language", "value": "cpython3"}, {"name": "package", "value": "test_02_fixture_for_allure"}]}