{"name": "test_fixture_scope_module02", "status": "failed", "statusDetails": {"message": "AssertionError: assert 19 < 10", "trace": "ramdom_int_in_module = 19\n\n    @allure.feature(\"test_02_fixture\")\n    @allure.story(\"scope\")\n    def test_fixture_scope_module02(ramdom_int_in_module):\n>       assert ramdom_int_in_module < 10\nE       assert 19 < 10\n\ntest_02_fixture_for_allure.py:114: AssertionError"}, "start": 1627036713360, "stop": 1627036713361, "uuid": "d04ba801-d9b0-40a8-a534-176a4084ecd3", "historyId": "f047d973246bf8b28671a66822531968", "testCaseId": "198c4724498a2446bcb9999f7f7340ac", "fullName": "test_02_fixture_for_allure#test_fixture_scope_module02", "labels": [{"name": "feature", "value": "test_02_fixture"}, {"name": "story", "value": "scope"}, {"name": "suite", "value": "test_02_fixture_for_allure"}, {"name": "host", "value": "JULIZHOU-6JV5P"}, {"name": "thread", "value": "11292-MainThread"}, {"name": "framework", "value": "pytest"}, {"name": "language", "value": "cpython3"}, {"name": "package", "value": "test_02_fixture_for_allure"}]}