{"name": "test_fixture_scope_module02", "status": "failed", "statusDetails": {"message": "AssertionError: assert 20 < 10", "trace": "ramdom_int_in_module = 20\n\n    @allure.feature(\"feature: test_02_fixture\")\n    @allure.story(\"story: scope\")\n    def test_fixture_scope_module02(ramdom_int_in_module):\n>       assert ramdom_int_in_module < 10\nE       assert 20 < 10\n\ntest_02_fixture_for_allure.py:114: AssertionError"}, "start": 1627038700430, "stop": 1627038700430, "uuid": "1b35459a-9cf3-4975-8cc2-4267722f582e", "historyId": "f047d973246bf8b28671a66822531968", "testCaseId": "198c4724498a2446bcb9999f7f7340ac", "fullName": "test_02_fixture_for_allure#test_fixture_scope_module02", "labels": [{"name": "story", "value": "story: scope"}, {"name": "feature", "value": "feature: test_02_fixture"}, {"name": "suite", "value": "test_02_fixture_for_allure"}, {"name": "host", "value": "JULIZHOU-6JV5P"}, {"name": "thread", "value": "19824-MainThread"}, {"name": "framework", "value": "pytest"}, {"name": "language", "value": "cpython3"}, {"name": "package", "value": "test_02_fixture_for_allure"}]}